<?xml version="1.0" encoding="UTF-8"?>
<testng-results ignored="0" total="1" passed="1" failed="0" skipped="0">
  <reporter-output>
  </reporter-output>
  <suite started-at="2023-04-27T17:09:14 EDT" name="Default suite" finished-at="2023-04-27T17:09:14 EDT" duration-ms="441">
    <groups>
    </groups>
    <test started-at="2023-04-27T17:09:14 EDT" name="Default test" finished-at="2023-04-27T17:09:14 EDT" duration-ms="441">
      <class name="testng.Dff">
        <test-method signature="Beforemethod()[pri:0, instance:testng.Dff@3c407114]" started-at="2023-04-27T17:09:14 EDT" name="Beforemethod" finished-at="2023-04-27T17:09:14 EDT" duration-ms="54" status="PASS">
          <reporter-output>
          </reporter-output>
        </test-method> <!-- Beforemethod -->
      </class> <!-- testng.Dff -->
    </test> <!-- Default test -->
  </suite> <!-- Default suite -->
</testng-results>
